<?xml version="1.0" encoding="UTF-8"?>
<!-- Generated by org.testng.reporters.JUnitXMLReporter -->
<testsuite ignored="0" hostname="DESKTOP-AD44IUN" failures="0" tests="10" name="Registration Page" time="44.401" errors="0" timestamp="2023-06-05T12:49:38 IST">
  <testcase classname="com.testcases.Register" name="account" time="1.106"/>
  <testcase classname="com.testcases.Register" name="registerPage" time="4.224"/>
  <testcase classname="com.testcases.Register" name="registerPage" time="3.337"/>
  <testcase classname="com.testcases.Register" name="registerPage" time="3.487"/>
  <testcase classname="com.testcases.Register" name="registerPage" time="4.549"/>
  <testcase classname="com.testcases.Register" name="registerPage" time="4.226"/>
  <testcase classname="com.testcases.Register" name="registerPage" time="3.631"/>
  <testcase classname="com.testcases.Register" name="registerPage" time="3.274"/>
  <testcase classname="com.testcases.Register" name="registerPage" time="3.24"/>
  <testcase classname="com.testcases.Register" name="registerPage" time="3.209"/>
</testsuite> <!-- Registration Page -->
